2024-01-26 12:19:01.043530 INFORMATION Program called with argument MAKEBASELINE
2024-01-26 12:19:01.043878 INFORMATION Starting at 2024-01-26 12:19:01.043859
2024-01-26 12:19:01.044086 INFORMATION Number of CPUs available to this server: 4
2024-01-26 12:19:01.044139 INFORMATION Commencing Run Using 10 threads

2024-01-26 12:19:01.248140 INFORMATION Session Login
2024-01-26 12:19:02.007281 SUCCESS     Session Mgt Logged Out
2024-01-26 12:19:02.007443 INFORMATION Completed Run. Number of APIs issued: 12
2024-01-26 12:20:04.530915 INFORMATION Program called with argument COMPAREBASELINE
2024-01-26 12:20:04.531031 INFORMATION Starting at 2024-01-26 12:20:04.531019
2024-01-26 12:20:04.531187 INFORMATION Number of CPUs available to this server: 4
2024-01-26 12:20:04.531237 INFORMATION Commencing Run Using 10 threads

2024-01-26 12:20:04.647347 INFORMATION Session Login
2024-01-26 12:20:05.232709 WARNING     AdvancedRouting.sandboxDeleteMaxRetryCount has changed from ['3']  to ['6']
2024-01-26 12:20:05.268515 SUCCESS     Session Mgt Logged Out
2024-01-26 12:20:05.268658 INFORMATION Completed Run. Number of APIs issued: 12
2024-02-21 15:10:56.994316 INFORMATION Program called with argument MAKEBASELINE
2024-02-21 15:10:57.001705 INFORMATION Starting at 2024-02-21 15:10:57.001645
2024-02-21 15:10:57.002111 INFORMATION Number of CPUs available to this server: 4
2024-02-21 15:10:57.002198 INFORMATION Commencing Run Using 10 threads

2024-02-21 15:10:57.153565 INFORMATION Session Login
2024-02-21 15:10:57.692119 SUCCESS     Session Mgt Logged Out
2024-02-21 15:10:57.692303 INFORMATION Completed Run. Number of APIs issued: 12
2024-02-21 15:11:34.387497 INFORMATION Program called with argument COMPAREBASELINE
2024-02-21 15:11:34.387637 INFORMATION Starting at 2024-02-21 15:11:34.387621
2024-02-21 15:11:34.387885 INFORMATION Number of CPUs available to this server: 4
2024-02-21 15:11:34.387953 INFORMATION Commencing Run Using 10 threads

2024-02-21 15:11:34.480371 INFORMATION Session Login
2024-02-21 15:11:35.055135 SUCCESS     Session Mgt Logged Out
2024-02-21 15:11:35.055343 INFORMATION Completed Run. Number of APIs issued: 12
2024-02-21 15:12:45.854781 INFORMATION Program called with argument COMPAREBASELINE
2024-02-21 15:12:45.854891 INFORMATION Starting at 2024-02-21 15:12:45.854877
2024-02-21 15:12:45.854970 INFORMATION Number of CPUs available to this server: 4
2024-02-21 15:12:45.855020 INFORMATION Commencing Run Using 10 threads

2024-02-21 15:12:45.951000 INFORMATION Session Login
2024-02-21 15:12:46.544931 WARNING     As2.FIPS.Listeners.Ssl.EnabledCipherSuites has changed from ['TLS_AES_128_CCM_8_SHA256,TLS_AES_128_CCM_SHA256,TLS_AES_128_GCM_SHA256,TLS_AES_256_GCM_SHA384,TLS_DHE_DSS_WITH_AES_128_CBC_SHA,TLS_DHE_DSS_WITH_AES_128_CBC_SHA256,TLS_DHE_DSS_WITH_AES_128_GCM_SHA256,TLS_DHE_DSS_WITH_AES_256_CBC_SHA,TLS_DHE_DSS_WITH_AES_256_CBC_SHA256,TLS_DHE_DSS_WITH_AES_256_GCM_SHA384,TLS_DHE_RSA_WITH_AES_128_CBC_SHA,TLS_DHE_RSA_WITH_AES_128_CBC_SHA256,TLS_DHE_RSA_WITH_AES_128_CCM,TLS_DHE_RSA_WITH_AES_128_CCM_8,TLS_DHE_RSA_WITH_AES_128_GCM_SHA256,TLS_DHE_RSA_WITH_AES_256_CBC_SHA,TLS_DHE_RSA_WITH_AES_256_CBC_SHA256,TLS_DHE_RSA_WITH_AES_256_CCM,TLS_DHE_RSA_WITH_AES_256_CCM_8,TLS_DHE_RSA_WITH_AES_256_GCM_SHA384,TLS_ECDHE_ECDSA_WITH_AES_128_CBC_SHA,TLS_ECDHE_ECDSA_WITH_AES_128_CBC_SHA256,TLS_ECDHE_ECDSA_WITH_AES_128_CCM,TLS_ECDHE_ECDSA_WITH_AES_128_CCM_8,TLS_ECDHE_ECDSA_WITH_AES_128_GCM_SHA256,TLS_ECDHE_ECDSA_WITH_AES_256_CBC_SHA,TLS_ECDHE_ECDSA_WITH_AES_256_CBC_SHA384,TLS_ECDHE_ECDSA_WITH_AES_256_CCM,TLS_ECDHE_ECDSA_WITH_AES_256_CCM_8,TLS_ECDHE_ECDSA_WITH_AES_256_GCM_SHA384,TLS_ECDHE_RSA_WITH_AES_128_CBC_SHA,TLS_ECDHE_RSA_WITH_AES_128_CBC_SHA256,TLS_ECDHE_RSA_WITH_AES_128_GCM_SHA256,TLS_ECDHE_RSA_WITH_AES_256_CBC_SHA,TLS_ECDHE_RSA_WITH_AES_256_CBC_SHA384,TLS_ECDHE_RSA_WITH_AES_256_GCM_SHA384,TLS_RSA_WITH_AES_128_CBC_SHA,TLS_RSA_WITH_AES_128_CBC_SHA256,TLS_RSA_WITH_AES_128_CCM,TLS_RSA_WITH_AES_128_CCM_8,TLS_RSA_WITH_AES_128_GCM_SHA256,TLS_RSA_WITH_AES_256_CBC_SHA,TLS_RSA_WITH_AES_256_CBC_SHA256,TLS_RSA_WITH_AES_256_CCM,TLS_RSA_WITH_AES_256_CCM_8,TLS_RSA_WITH_AES_256_GCM_SHA384']  to ['TLS_AES_128_CCM_8_SHA256,TLS_AES_128_CCM_SHA256,TLS_AES_128_GCM_SHA256,TLS_AES_256_GCM_SHA384,TLS_DHE_DSS_WITH_AES_128_CBC_SHA,TLS_DHE_DSS_WITH_AES_128_CBC_SHA256,TLS_DHE_DSS_WITH_AES_128_GCM_SHA256,TLS_DHE_DSS_WITH_AES_256_CBC_SHA,TLS_DHE_DSS_WITH_AES_256_CBC_SHA256,TLS_DHE_DSS_WITH_AES_256_GCM_SHA384,TLS_DHE_RSA_WITH_AES_128_CBC_SHA,TLS_DHE_RSA_WITH_AES_128_CBC_SHA256,TLS_DHE_RSA_WITH_AES_128_CCM,TLS_DHE_RSA_WITH_AES_128_CCM_8,TLS_DHE_RSA_WITH_AES_128_GCM_SHA256,TLS_DHE_RSA_WITH_AES_256_CBC_SHA,TLS_DHE_RSA_WITH_AES_256_CBC_SHA256,TLS_DHE_RSA_WITH_AES_256_CCM,TLS_DHE_RSA_WITH_AES_256_CCM_8,TLS_DHE_RSA_WITH_AES_256_GCM_SHA384,TLS_ECDHE_ECDSA_WITH_AES_128_CBC_SHA,TLS_ECDHE_ECDSA_WITH_AES_128_CBC_SHA256,TLS_ECDHE_ECDSA_WITH_AES_128_CCM,TLS_ECDHE_ECDSA_WITH_AES_128_CCM_8,TLS_ECDHE_ECDSA_WITH_AES_128_GCM_SHA256,TLS_ECDHE_ECDSA_WITH_AES_256_CBC_SHA,TLS_ECDHE_ECDSA_WITH_AES_256_CBC_SHA384,TLS_ECDHE_ECDSA_WITH_AES_256_CCM,TLS_ECDHE_ECDSA_WITH_AES_256_CCM_8,TLS_ECDHE_ECDSA_WITH_AES_256_GCM_SHA384,TLS_ECDHE_RSA_WITH_AES_128_CBC_SHA,TLS_ECDHE_RSA_WITH_AES_128_CBC_SHA256,TLS_ECDHE_RSA_WITH_AES_128_GCM_SHA256,TLS_ECDHE_RSA_WITH_AES_256_CBC_SHA,TLS_ECDHE_RSA_WITH_AES_256_CBC_SHA384,TLS_ECDHE_RSA_WITH_AES_256_GCM_SHA384,TLS_RSA_WITH_AES_128_CBC_SHA,TLS_RSA_WITH_AES_128_CBC_SHA256,TLS_RSA_WITH_AES_128_CCM,TLS_RSA_WITH_AES_128_CCM_8,TLS_RSA_WITH_AES_128_GCM_SHA256,TLS_RSA_WITH_AES_256_CBC_SHA,TLS_RSA_WITH_AES_256_CBC_SHA256']
2024-02-21 15:12:46.568658 SUCCESS     Session Mgt Logged Out
2024-02-21 15:12:46.568872 INFORMATION Completed Run. Number of APIs issued: 12
2024-03-01 08:50:17.078969 INFORMATION Program called with argument MAKEBASELINE
2024-03-01 08:50:17.089042 INFORMATION Starting at 2024-03-01 08:50:17.089006
2024-03-01 08:50:17.089179 INFORMATION Number of CPUs available to this server: 4
2024-03-01 08:50:17.089211 INFORMATION Commencing Run Using 10 threads

2024-03-01 08:50:17.800601 INFORMATION Session Login
2024-03-01 08:50:18.502638 SUCCESS     Session Mgt Logged Out
2024-03-01 08:50:18.502733 INFORMATION Completed Run. Number of APIs issued: 12
2024-03-06 18:15:24.788088 INFORMATION Program called with argument COMPAREBASELINE
2024-03-06 18:15:24.797836 INFORMATION Starting at 2024-03-06 18:15:24.797805
2024-03-06 18:15:24.798094 INFORMATION Number of CPUs available to this server: 4
2024-03-06 18:15:24.798154 INFORMATION Commencing Run Using 10 threads

2024-03-06 18:15:24.904860 INFORMATION Session Login
2024-03-06 18:15:25.274688 WARNING     Admin.AllowedFormPostParameters with value ['id_token;access_token'] does not exist in the baseline
2024-03-06 18:15:25.274860 WARNING     Admin.Security.PermissionsPolicy with value [''] does not exist in the baseline
2024-03-06 18:15:25.275085 WARNING     Http.Security.PermissionsPolicy with value [''] does not exist in the baseline
2024-03-06 18:15:25.275338 WARNING     TransactionManager.ThreadPools.ThreadPool.EventMonitor.maxQueueSize.usageAlertsLogging with value ['disabled'] does not exist in the baseline
2024-03-06 18:15:25.299191 SUCCESS     Session Mgt Logged Out
2024-03-06 18:15:25.299325 INFORMATION Completed Run. Number of APIs issued: 12
2024-03-13 14:27:38.225665 INFORMATION Program called with argument COMPAREBASELINE
2024-03-13 14:27:38.233750 INFORMATION Starting at 2024-03-13 14:27:38.233719
2024-03-13 14:27:38.233978 INFORMATION Number of CPUs available to this server: 4
2024-03-13 14:27:38.234027 INFORMATION Commencing Run Using 10 threads

2024-03-13 14:27:38.454066 INFORMATION Session Login
2024-03-13 14:27:39.372505 WARNING     Admin.AllowedFormPostParameters with value ['id_token;access_token'] does not exist in the baseline
2024-03-13 14:27:39.372644 WARNING     Admin.Security.PermissionsPolicy with value [''] does not exist in the baseline
2024-03-13 14:27:39.372858 WARNING     FolderMonitor.pollInterval has changed from ['5']  to ['120']
2024-03-13 14:27:39.372971 WARNING     Http.Security.PermissionsPolicy with value [''] does not exist in the baseline
2024-03-13 14:27:39.373209 WARNING     TransactionManager.ThreadPools.ThreadPool.EventMonitor.maxQueueSize.usageAlertsLogging with value ['disabled'] does not exist in the baseline
2024-03-13 14:27:39.409627 SUCCESS     Session Mgt Logged Out
2024-03-13 14:27:39.409811 INFORMATION Completed Run. Number of APIs issued: 12
